<?xml version="1.0" encoding="UTF-8"?>
<!-- Generated by org.testng.reporters.JUnitReportReporter -->
<testsuite skipped="0" hostname="DESKTOP-TIAP6JA" name="FacebookLoginTest" tests="2" failures="0" timestamp="2020-05-04T08:20:11 IST" time="5.032" errors="0">
  <testcase name="tearDown" time="2.379" classname="FacebookLoginTest"/>
  <system-out/>
  <testcase name="fblogin" time="2.653" classname="FacebookLoginTest"/>
  <system-out/>
</testsuite> <!-- FacebookLoginTest -->
